#
# There is insufficient memory for the Java Runtime Environment to continue.
# Native memory allocation (mmap) failed to map 134217728 bytes for Failed to commit area from 0x00000000c1800000 to 0x00000000c9800000 of length 134217728.
# Possible reasons:
#   The system is out of physical RAM or swap space
#   The process is running with CompressedOops enabled, and the Java Heap may be blocking the growth of the native heap
# Possible solutions:
#   Reduce memory load on the system
#   Increase physical memory or swap space
#   Check if swap backing store is full
#   Decrease Java heap size (-Xmx/-Xms)
#   Decrease number of Java threads
#   Decrease Java thread stack sizes (-Xss)
#   Set larger code cache with -XX:ReservedCodeCacheSize=
# This output file may be truncated or incomplete.
#
#  Out of Memory Error (./src/hotspot/os/windows/os_windows.cpp:3303), pid=4976, tid=1292
#
# JRE version:  (11.0.9.1+11) (build )
# Java VM: OpenJDK 64-Bit Server VM (11.0.9.1+11-b1145.77, mixed mode, sharing, tiered, compressed oops, g1 gc, windows-amd64)
# No core dump will be written. Minidumps are not enabled by default on client versions of Windows
#

---------------  S U M M A R Y ------------

Command Line: -Djava.rmi.server.hostname=127.0.0.1 -Duser.timezone=UTC -Xmx1000m -Xms128m -Dfile.encoding=UTF-8 com.intellij.database.remote.RemoteJdbcServer com.mysql.cj.jdbc.Driver

Host: Intel(R) Core(TM) i5-8265U CPU @ 1.60GHz, 8 cores, 7G,  Windows 10 , 64 bit Build 19041 (10.0.19041.928)
Time: Thu May 20 20:17:16 2021 Финляндия (лето) elapsed time: 0.015729 seconds (0d 0h 0m 0s)

---------------  T H R E A D  ---------------

Current thread (0x000001d2fce4c800):  JavaThread "Unknown thread" [_thread_in_vm, id=1292, stack(0x0000005486800000,0x0000005486900000)]

Stack: [0x0000005486800000,0x0000005486900000]
Native frames: (J=compiled Java code, j=interpreted, Vv=VM code, C=native code)
V  [jvm.dll+0x5edd9a]
V  [jvm.dll+0x7229c5]
V  [jvm.dll+0x723f1d]
V  [jvm.dll+0x7245d3]
V  [jvm.dll+0x2431b8]
V  [jvm.dll+0x5eb234]
V  [jvm.dll+0x5e0325]
V  [jvm.dll+0x2fe60b]
V  [jvm.dll+0x2fe57a]
V  [jvm.dll+0x2fe452]
V  [jvm.dll+0x303346]
V  [jvm.dll+0x34ba83]
V  [jvm.dll+0x34c186]
V  [jvm.dll+0x34bb83]
V  [jvm.dll+0x2d9218]
V  [jvm.dll+0x2da3c7]
V  [jvm.dll+0x701a67]
V  [jvm.dll+0x70325c]
V  [jvm.dll+0x359049]
V  [jvm.dll+0x6e552e]
V  [jvm.dll+0x3c1353]
V  [jvm.dll+0x3c3571]
C  [jli.dll+0x5373]
C  [ucrtbase.dll+0x21bb2]
C  [KERNEL32.DLL+0x17034]
C  [ntdll.dll+0x52651]


---------------  P R O C E S S  ---------------

Threads class SMR info:
_java_thread_list=0x000001d2fad32270, length=0, elements={
}

Java Threads: ( => current thread )

Other Threads:
  0x000001d2fce64000 GCTaskThread "GC Thread#0" [stack: 0x0000005486900000,0x0000005486a00000] [id=8]
  0x000001d2fce82000 ConcurrentGCThread "G1 Main Marker" [stack: 0x0000005486a00000,0x0000005486b00000] [id=13024]
  0x000001d2fce83800 ConcurrentGCThread "G1 Conc#0" [stack: 0x0000005486b00000,0x0000005486c00000] [id=5232]

[error occurred during error reporting (printing all threads), id 0xc0000005, EXCEPTION_ACCESS_VIOLATION (0xc0000005) at pc=0x00007ffc18039807]

VM state:not at safepoint (not fully initialized)

VM Mutex/Monitor currently owned by a thread:  ([mutex/lock_event])
[0x000001d2fce49fe0] Heap_lock - owner thread: 0x000001d2fce4c800

Heap address: 0x00000000c1800000, size: 1000 MB, Compressed Oops mode: Non-zero based: 0x00000000c1800000
Narrow klass base: 0x0000000000000000, Narrow klass shift: 0

GC Heap History (0 events):
No events

Deoptimization events (0 events):
No events

Classes redefined (0 events):
No events

Internal exceptions (0 events):
No events

Events (1 events):
Event: 0.005 Loaded shared library E:\ULtrA\IntelliJ IDEA 2020.3.2\jbr\bin\zip.dll


Dynamic libraries:
0x00007ff61e500000 - 0x00007ff61e50a000 	E:\ULtrA\IntelliJ IDEA 2020.3.2\jbr\bin\java.exe
0x00007ffc65ed0000 - 0x00007ffc660c5000 	C:\Windows\SYSTEM32\ntdll.dll
0x00007ffc4f920000 - 0x00007ffc4f933000 	E:\Avast\aswhook.dll
0x00007ffc65af0000 - 0x00007ffc65bad000 	C:\Windows\System32\KERNEL32.DLL
0x00007ffc63810000 - 0x00007ffc63ad8000 	C:\Windows\System32\KERNELBASE.dll
0x00007ffc63bf0000 - 0x00007ffc63cf0000 	C:\Windows\System32\ucrtbase.dll
0x00007ffc49480000 - 0x00007ffc49499000 	E:\ULtrA\IntelliJ IDEA 2020.3.2\jbr\bin\jli.dll
0x00007ffc46870000 - 0x00007ffc46887000 	E:\ULtrA\IntelliJ IDEA 2020.3.2\jbr\bin\VCRUNTIME140.dll
0x00007ffc64010000 - 0x00007ffc641b0000 	C:\Windows\System32\USER32.dll
0x00007ffc63700000 - 0x00007ffc63722000 	C:\Windows\System32\win32u.dll
0x00007ffc64720000 - 0x00007ffc6474a000 	C:\Windows\System32\GDI32.dll
0x00007ffc437d0000 - 0x00007ffc43a6a000 	C:\Windows\WinSxS\amd64_microsoft.windows.common-controls_6595b64144ccf1df_6.0.19041.844_none_ca00b6081b84eb1d\COMCTL32.dll
0x00007ffc63ae0000 - 0x00007ffc63beb000 	C:\Windows\System32\gdi32full.dll
0x00007ffc650e0000 - 0x00007ffc6517e000 	C:\Windows\System32\msvcrt.dll
0x00007ffc63660000 - 0x00007ffc636fd000 	C:\Windows\System32\msvcp_win.dll
0x00007ffc64f20000 - 0x00007ffc64f50000 	C:\Windows\System32\IMM32.DLL
0x00007ffc27570000 - 0x00007ffc2760d000 	E:\ULtrA\IntelliJ IDEA 2020.3.2\jbr\bin\msvcp140.dll
0x00007ffc17d50000 - 0x00007ffc1881e000 	E:\ULtrA\IntelliJ IDEA 2020.3.2\jbr\bin\server\jvm.dll
0x00007ffc64650000 - 0x00007ffc646fc000 	C:\Windows\System32\ADVAPI32.dll
0x00007ffc64480000 - 0x00007ffc6451b000 	C:\Windows\System32\sechost.dll
0x00007ffc65d60000 - 0x00007ffc65e8b000 	C:\Windows\System32\RPCRT4.dll
0x00007ffc64470000 - 0x00007ffc64478000 	C:\Windows\System32\PSAPI.DLL
0x00007ffc517b0000 - 0x00007ffc517b9000 	C:\Windows\SYSTEM32\WSOCK32.dll
0x00007ffc59910000 - 0x00007ffc5991a000 	C:\Windows\SYSTEM32\VERSION.dll
0x00007ffc48e40000 - 0x00007ffc48e67000 	C:\Windows\SYSTEM32\WINMM.dll
0x00007ffc65c90000 - 0x00007ffc65cfb000 	C:\Windows\System32\WS2_32.dll
0x00007ffc61f30000 - 0x00007ffc61f42000 	C:\Windows\SYSTEM32\kernel.appcore.dll
0x00007ffc4d410000 - 0x00007ffc4d421000 	E:\ULtrA\IntelliJ IDEA 2020.3.2\jbr\bin\verify.dll
0x00007ffc5e400000 - 0x00007ffc5e5e4000 	C:\Windows\SYSTEM32\DBGHELP.DLL
0x00007ffc57740000 - 0x00007ffc5776c000 	C:\Windows\SYSTEM32\dbgcore.DLL
0x00007ffc63730000 - 0x00007ffc637b0000 	C:\Windows\System32\bcryptPrimitives.dll
0x00007ffc4baf0000 - 0x00007ffc4bb19000 	E:\ULtrA\IntelliJ IDEA 2020.3.2\jbr\bin\java.dll
0x00007ffc5b1e0000 - 0x00007ffc5b1eb000 	E:\ULtrA\IntelliJ IDEA 2020.3.2\jbr\bin\jimage.dll
0x00007ffc4bad0000 - 0x00007ffc4bae8000 	E:\ULtrA\IntelliJ IDEA 2020.3.2\jbr\bin\zip.dll

dbghelp: loaded successfully - version: 4.0.5 - missing functions: none
symbol engine: initialized successfully - sym options: 0x614 - pdb path: .;E:\ULtrA\IntelliJ IDEA 2020.3.2\jbr\bin;C:\Windows\SYSTEM32;E:\Avast;C:\Windows\WinSxS\amd64_microsoft.windows.common-controls_6595b64144ccf1df_6.0.19041.844_none_ca00b6081b84eb1d;E:\ULtrA\IntelliJ IDEA 2020.3.2\jbr\bin\server

VM Arguments:
jvm_args: -Djava.rmi.server.hostname=127.0.0.1 -Duser.timezone=UTC -Xmx1000m -Xms128m -Dfile.encoding=UTF-8 
java_command: com.intellij.database.remote.RemoteJdbcServer com.mysql.cj.jdbc.Driver
java_class_path (initial): E:\ULtrA\IntelliJ IDEA 2020.3.2\lib\util.jar;E:\ULtrA\IntelliJ IDEA 2020.3.2\lib\trove4j.jar;E:\ULtrA\IntelliJ IDEA 2020.3.2\lib\groovy-2.5.11.jar;E:\ULtrA\IntelliJ IDEA 2020.3.2\plugins\DatabaseTools\lib\jdbc-console.jar;C:\Users\Bohdan\AppData\Roaming\JetBrains\IntelliJIdea2020.3\jdbc-drivers\MySQL ConnectorJ\8.0.21\mysql-connector-java-8.0.21.jar
Launcher Type: SUN_STANDARD

[Global flags]
     intx CICompilerCount                          = 4                                         {product} {ergonomic}
     uint ConcGCThreads                            = 2                                         {product} {ergonomic}
     uint G1ConcRefinementThreads                  = 8                                         {product} {ergonomic}
   size_t G1HeapRegionSize                         = 1048576                                   {product} {ergonomic}
    uintx GCDrainStackTargetSize                   = 64                                        {product} {ergonomic}
   size_t InitialHeapSize                          = 134217728                                 {product} {command line}
   size_t MarkStackSize                            = 4194304                                   {product} {ergonomic}
   size_t MaxHeapSize                              = 1048576000                                {product} {command line}
   size_t MinHeapDeltaBytes                        = 1048576                                   {product} {ergonomic}
    uintx NonNMethodCodeHeapSize                   = 5836300                                {pd product} {ergonomic}
    uintx NonProfiledCodeHeapSize                  = 122910970                              {pd product} {ergonomic}
    uintx ProfiledCodeHeapSize                     = 122910970                              {pd product} {ergonomic}
    uintx ReservedCodeCacheSize                    = 251658240                              {pd product} {ergonomic}
     bool SegmentedCodeCache                       = true                                      {product} {ergonomic}
     bool UseCompressedClassPointers               = true                                 {lp64_product} {ergonomic}
     bool UseCompressedOops                        = true                                 {lp64_product} {ergonomic}
     bool UseG1GC                                  = true                                      {product} {ergonomic}
     bool UseLargePagesIndividualAllocation        = false                                  {pd product} {ergonomic}

Logging:
Log output configuration:
 #0: stdout all=warning uptime,level,tags
 #1: stderr all=off uptime,level,tags

Environment Variables:
PATH=C:\Program Files (x86)\Common Files\Oracle\Java\javapath;C:\ProgramData\Oracle\Java\javapath;C:\Program Files\Common Files\Oracle\Java\javapath;C:\Windows\system32;C:\Windows;C:\Windows\System32\Wbem;C:\Windows\System32\WindowsPowerShell\v1.0\;C:\Windows\System32\OpenSSH\;C:\Program Files\Git\cmd;C:\Program Files\MySQL\MySQL Shell 8.0\bin\;C:\Users\Bohdan\AppData\Local\Programs\Python\Python39\Scripts\;C:\Users\Bohdan\AppData\Local\Programs\Python\Python39\;C:\Users\Bohdan\AppData\Local\Microsoft\WindowsApps;;E:\ULtrA\IntelliJ IDEA 2020.3.2\bin;
USERNAME=Bohdan
OS=Windows_NT
PROCESSOR_IDENTIFIER=Intel64 Family 6 Model 142 Stepping 12, GenuineIntel



---------------  S Y S T E M  ---------------

OS: Windows 10 , 64 bit Build 19041 (10.0.19041.928)
OS uptime: 0 days 21:47 hours

CPU:total 8 (initial active 8) (4 cores per cpu, 2 threads per core) family 6 model 142 stepping 12, cmov, cx8, fxsr, mmx, sse, sse2, sse3, ssse3, sse4.1, sse4.2, popcnt, avx, avx2, aes, clmul, erms, 3dnowpref, lzcnt, ht, tsc, tscinvbit, bmi1, bmi2, adx, fma

Memory: 4k page, system-wide physical 8005M (1149M free)
TotalPageFile size 11053M (AvailPageFile size 116M)
current process WorkingSet (physical memory assigned to process): 10M, peak: 10M
current process commit charge ("private bytes"): 59M, peak: 187M

vm_info: OpenJDK 64-Bit Server VM (11.0.9.1+11-b1145.77) for windows-amd64 JRE (11.0.9.1+11-b1145.77), built on Jan 16 2021 05:14:13 by "" with MS VC++ 14.0 (VS2015)

END.
